<?xml version="1.0" encoding="UTF-8"?>
<!-- Generated by org.testng.reporters.JUnitReportReporter -->
<testsuite skipped="0" hostname="DESKTOP-INQUNRP" name="testNG.BeforeAfterInOrder$TestNG_in_order" tests="2" failures="0" timestamp="29 Apr 2019 01:58:01 GMT" time="0.007" errors="0">
  <testcase name="testCase2" time="0.003" classname="testNG.BeforeAfterInOrder$TestNG_in_order"/>
  <testcase name="testCase1" time="0.004" classname="testNG.BeforeAfterInOrder$TestNG_in_order"/>
</testsuite> <!-- testNG.BeforeAfterInOrder$TestNG_in_order -->
