<?xml version="1.0" encoding="UTF-8"?>
<!-- Generated by org.testng.reporters.JUnitReportReporter -->
<testsuite skipped="2" hostname="DESKTOP-INQUNRP" name="testNG.EnableTrueFalse" tests="4" failures="0" timestamp="29 Apr 2019 01:58:00 GMT" time="22.999" errors="0">
  <testcase name="openMainPage" time="14.637" classname="testNG.EnableTrueFalse"/>
  <testcase name="clickLike" time="8.362" classname="testNG.EnableTrueFalse"/>
  <testcase name="postComment" classname="testNG.EnableTrueFalse">
    <skipped/>
  </testcase> <!-- postComment -->
  <testcase name="forgot" classname="testNG.EnableTrueFalse">
    <skipped/>
  </testcase> <!-- forgot -->
</testsuite> <!-- testNG.EnableTrueFalse -->
