<?xml version="1.0" encoding="UTF-8"?>
<!-- Generated by org.testng.reporters.JUnitReportReporter -->
<testsuite skipped="0" hostname="DESKTOP-INQUNRP" name="cSSselector.DynamicCSS" tests="1" failures="0" timestamp="07 Apr 2020 01:58:26 GMT" time="25.790" errors="0">
  <testcase name="TestPopUp" time="25.790" classname="cSSselector.DynamicCSS"/>
</testsuite> <!-- cSSselector.DynamicCSS -->
