<?xml version="1.0" encoding="UTF-8"?>
<!-- Generated by org.testng.reporters.JUnitReportReporter -->
<testsuite skipped="0" hostname="DESKTOP-INQUNRP" name="cSSselector.AbsuloteRelative" tests="4" failures="0" timestamp="05 Apr 2020 20:58:07 GMT" time="2.756" errors="0">
  <testcase name="xpathFunction" time="1.836" classname="cSSselector.AbsuloteRelative"/>
  <testcase name="idFunction" time="0.098" classname="cSSselector.AbsuloteRelative"/>
  <testcase name="twoFunction" time="0.711" classname="cSSselector.AbsuloteRelative"/>
  <testcase name="nameFunction" time="0.111" classname="cSSselector.AbsuloteRelative"/>
</testsuite> <!-- cSSselector.AbsuloteRelative -->
