<?xml version="1.0" encoding="UTF-8"?>
<!-- Generated by org.testng.reporters.JUnitReportReporter -->
<testsuite skipped="0" hostname="DESKTOP-INQUNRP" name="testNG.Assertion" tests="2" failures="0" timestamp="29 Dec 2019 01:36:03 GMT" time="25.529" errors="0">
  <testcase name="login" time="19.499" classname="testNG.Assertion"/>
  <testcase name="forgot" time="6.030" classname="testNG.Assertion"/>
</testsuite> <!-- testNG.Assertion -->
