<?xml version="1.0" encoding="UTF-8"?>
<!-- Generated by org.testng.reporters.JUnitReportReporter -->
<testsuite skipped="0" hostname="DESKTOP-INQUNRP" name="testNG.Priority" tests="6" failures="0" timestamp="29 Apr 2019 01:36:18 GMT" time="0.037" errors="0">
  <testcase name="login" time="0.018" classname="testNG.Priority"/>
  <testcase name="crises_responses" time="0.003" classname="testNG.Priority"/>
  <testcase name="group" time="0.002" classname="testNG.Priority"/>
  <testcase name="friendlist" time="0.004" classname="testNG.Priority"/>
  <testcase name="crises_manage" time="0.006" classname="testNG.Priority"/>
  <testcase name="crises_controll" time="0.004" classname="testNG.Priority"/>
</testsuite> <!-- testNG.Priority -->
