<?xml version="1.0" encoding="UTF-8"?>
<!-- Generated by org.testng.reporters.JUnitReportReporter -->
<testsuite skipped="0" hostname="DESKTOP-INQUNRP" name="testNG.Assertion" tests="2" failures="0" timestamp="29 Apr 2019 02:07:22 GMT" time="19.777" errors="0">
  <testcase name="login" time="13.824" classname="testNG.Assertion"/>
  <testcase name="forgot" time="5.953" classname="testNG.Assertion"/>
</testsuite> <!-- testNG.Assertion -->
