<?xml version="1.0" encoding="UTF-8"?>
<!-- Generated by org.testng.reporters.JUnitReportReporter -->
<testsuite skipped="0" hostname="DESKTOP-INQUNRP" name="windowHandle.WithIterator" tests="1" failures="0" timestamp="06 Apr 2020 16:53:45 GMT" time="9.717" errors="0">
  <testcase name="iterator" time="9.717" classname="windowHandle.WithIterator"/>
</testsuite> <!-- windowHandle.WithIterator -->
