<?xml version="1.0" encoding="UTF-8"?>
<!-- Generated by org.testng.reporters.JUnitReportReporter -->
<testsuite skipped="0" hostname="DESKTOP-INQUNRP" name="testNG.DataParameterization" tests="4" failures="0" timestamp="28 Apr 2019 23:18:33 GMT" time="54.658" errors="0">
  <testcase name="dologinTest" time="10.897" classname="testNG.DataParameterization"/>
  <testcase name="dologinTest" time="10.516" classname="testNG.DataParameterization"/>
  <testcase name="dologinTest" time="10.709" classname="testNG.DataParameterization"/>
  <testcase name="dologinTest" time="22.536" classname="testNG.DataParameterization"/>
</testsuite> <!-- testNG.DataParameterization -->
