<?xml version="1.0" encoding="UTF-8"?>
<!-- Generated by org.testng.reporters.JUnitReportReporter -->
<testsuite skipped="0" hostname="DESKTOP-INQUNRP" name="testNG.Description" tests="1" failures="0" timestamp="29 Dec 2019 01:52:05 GMT" time="0.224" errors="0">
  <testcase name="openFaceBook" time="0.224" classname="testNG.Description"/>
</testsuite> <!-- testNG.Description -->
