<?xml version="1.0" encoding="UTF-8"?>
<!-- Generated by org.testng.reporters.JUnitReportReporter -->
<testsuite skipped="0" hostname="DESKTOP-INQUNRP" name="testNG.Assertion" tests="2" failures="0" timestamp="05 Jan 2020 19:22:28 GMT" time="22.049" errors="0">
  <testcase name="login" time="15.956" classname="testNG.Assertion"/>
  <testcase name="forgot" time="6.093" classname="testNG.Assertion"/>
</testsuite> <!-- testNG.Assertion -->
