<?xml version="1.0" encoding="UTF-8"?>
<!-- Generated by org.testng.reporters.JUnitReportReporter -->
<testsuite skipped="0" hostname="DESKTOP-INQUNRP" name="testNG.Groups" tests="2" failures="0" timestamp="02 May 2019 01:17:44 GMT" time="0.039" errors="0">
  <testcase name="friendlist" time="0.008" classname="testNG.Groups"/>
  <testcase name="crises_controll" time="0.031" classname="testNG.Groups"/>
</testsuite> <!-- testNG.Groups -->
