<?xml version="1.0" encoding="UTF-8"?>
<!-- Generated by org.testng.reporters.JUnitReportReporter -->
<testsuite skipped="0" hostname="DESKTOP-INQUNRP" name="testNG.DependsOnMethod" tests="5" failures="0" timestamp="02 May 2019 01:02:17 GMT" time="33.519" errors="0">
  <testcase name="postComment" time="5.289" classname="testNG.DependsOnMethod"/>
  <testcase name="login" time="12.445" classname="testNG.DependsOnMethod"/>
  <testcase name="forgot" time="4.739" classname="testNG.DependsOnMethod"/>
  <testcase name="clickLike" time="2.605" classname="testNG.DependsOnMethod"/>
  <testcase name="openMainPage" time="8.441" classname="testNG.DependsOnMethod"/>
</testsuite> <!-- testNG.DependsOnMethod -->
