<?xml version="1.0" encoding="UTF-8"?>
<!-- Generated by org.testng.reporters.JUnitReportReporter -->
<testsuite skipped="0" hostname="DESKTOP-INQUNRP" name="testNG.Groups" tests="6" failures="0" timestamp="29 Apr 2019 01:58:00 GMT" time="0.010" errors="0">
  <testcase name="crises_responses" time="0.001" classname="testNG.Groups"/>
  <testcase name="group" time="0.001" classname="testNG.Groups"/>
  <testcase name="crises_manage" time="0.001" classname="testNG.Groups"/>
  <testcase name="crises_controll" time="0.002" classname="testNG.Groups"/>
  <testcase name="friendlist" time="0.002" classname="testNG.Groups"/>
  <testcase name="login" time="0.003" classname="testNG.Groups"/>
</testsuite> <!-- testNG.Groups -->
