<?xml version="1.0" encoding="UTF-8"?>
<!-- Generated by org.testng.reporters.JUnitReportReporter -->
<testsuite skipped="0" hostname="DESKTOP-INQUNRP" name="windowHandle.EnhenceLoop" tests="1" failures="0" timestamp="07 Apr 2020 20:35:14 GMT" time="13.542" errors="0">
  <testcase name="iterator" time="13.542" classname="windowHandle.EnhenceLoop"/>
</testsuite> <!-- windowHandle.EnhenceLoop -->
