<?xml version="1.0" encoding="UTF-8"?>
<!-- Generated by org.testng.reporters.JUnitReportReporter -->
<testsuite skipped="0" hostname="DESKTOP-INQUNRP" name="testNG.Groups1" tests="1" failures="0" timestamp="02 May 2019 01:17:44 GMT" time="19.066" errors="0">
  <testcase name="forgetLinkTest" time="19.066" classname="testNG.Groups1"/>
</testsuite> <!-- testNG.Groups1 -->
