<?xml version="1.0" encoding="UTF-8"?>
<!-- Generated by org.testng.reporters.JUnitReportReporter -->
<testsuite skipped="0" hostname="DESKTOP-INQUNRP" name="testNG.BeforeAfter$TestNG_in_order" tests="2" failures="0" timestamp="24 Apr 2019 00:39:33 GMT" time="0.015" errors="0">
  <testcase name="testCase2" time="0.001" classname="testNG.BeforeAfter$TestNG_in_order"/>
  <testcase name="testCase1" time="0.014" classname="testNG.BeforeAfter$TestNG_in_order"/>
</testsuite> <!-- testNG.BeforeAfter$TestNG_in_order -->
