<?xml version="1.0" encoding="UTF-8"?>
<!-- Generated by org.testng.reporters.JUnitReportReporter -->
<testsuite skipped="0" hostname="DESKTOP-INQUNRP" name="testNG.DataParameterization" tests="4" failures="0" timestamp="02 May 2019 01:47:20 GMT" time="63.892" errors="0">
  <testcase name="dologinTest" time="11.796" classname="testNG.DataParameterization"/>
  <testcase name="dologinTest" time="11.439" classname="testNG.DataParameterization"/>
  <testcase name="dologinTest" time="15.085" classname="testNG.DataParameterization"/>
  <testcase name="dologinTest" time="25.572" classname="testNG.DataParameterization"/>
</testsuite> <!-- testNG.DataParameterization -->
