<?xml version="1.0" encoding="UTF-8"?>
<!-- Generated by org.testng.reporters.JUnitReportReporter -->
<testsuite skipped="0" hostname="DESKTOP-INQUNRP" name="windowHandle.PopAllest" tests="1" failures="0" timestamp="07 Apr 2020 17:53:44 GMT" time="5.033" errors="0">
  <testcase name="iterator" time="5.033" classname="windowHandle.PopAllest"/>
</testsuite> <!-- windowHandle.PopAllest -->
